<?xml version="1.0" encoding="UTF-8"?>
<!-- Generated by org.testng.reporters.JUnitXMLReporter -->
<testsuite ignored="0" hostname="Prem" failures="0" tests="10" name="Default test" time="14.606" errors="0" timestamp="2023-01-30T16:00:59 IST">
  <testcase classname="auth_token_test" name="read_info" time="0.015"/>
  <testcase classname="auth_token_test" name="test_1" time="4.037"/>
  <testcase classname="auth_token_test" name="test_10" time="0.533"/>
  <testcase classname="auth_token_test" name="test_2" time="0.757"/>
  <testcase classname="auth_token_test" name="test_3" time="1.019"/>
  <testcase classname="auth_token_test" name="test_4" time="2.319"/>
  <testcase classname="auth_token_test" name="test_5" time="0.947"/>
  <testcase classname="auth_token_test" name="test_6" time="2.147"/>
  <testcase classname="auth_token_test" name="test_7" time="1.504"/>
  <testcase classname="auth_token_test" name="test_8" time="1.259"/>
</testsuite> <!-- Default test -->
