<?xml version="1.0" encoding="UTF-8"?>
<!-- Generated by org.testng.reporters.JUnitXMLReporter -->
<testsuite ignored="0" hostname="Prem" failures="0" tests="7" name="Default test" time="5.546" errors="0" timestamp="2023-01-19T13:19:46 IST">
  <testcase classname="auth_token_test" name="read_info" time="0.009"/>
  <testcase classname="auth_token_test" name="test_1" time="1.869"/>
  <testcase classname="auth_token_test" name="test_2" time="0.781"/>
  <testcase classname="auth_token_test" name="test_3" time="0.753"/>
  <testcase classname="auth_token_test" name="test_4" time="0.719"/>
  <testcase classname="auth_token_test" name="test_5" time="0.87"/>
  <testcase classname="auth_token_test" name="test_6" time="0.507"/>
</testsuite> <!-- Default test -->
