<?xml version="1.0" encoding="UTF-8"?>
<testng-results ignored="0" total="7" passed="7" failed="0" skipped="0">
  <reporter-output>
  </reporter-output>
  <suite started-at="2023-01-19T13:19:40 IST" name="Default suite" finished-at="2023-01-19T13:19:46 IST" duration-ms="5546">
    <groups>
    </groups>
    <test started-at="2023-01-19T13:19:40 IST" name="Default test" finished-at="2023-01-19T13:19:46 IST" duration-ms="5546">
      <class name="auth_token_test">
        <test-method signature="read_info()[pri:0, instance:auth_token_test@bf1ec20]" started-at="2023-01-19T13:19:40 IST" name="read_info" finished-at="2023-01-19T13:19:40 IST" duration-ms="9" status="PASS">
          <reporter-output>
          </reporter-output>
        </test-method> <!-- read_info -->
        <test-method signature="test_1()[pri:0, instance:auth_token_test@bf1ec20]" started-at="2023-01-19T13:19:40 IST" name="test_1" finished-at="2023-01-19T13:19:42 IST" duration-ms="1869" status="PASS">
          <reporter-output>
          </reporter-output>
        </test-method> <!-- test_1 -->
        <test-method signature="test_2()[pri:0, instance:auth_token_test@bf1ec20]" started-at="2023-01-19T13:19:42 IST" name="test_2" finished-at="2023-01-19T13:19:43 IST" duration-ms="781" status="PASS">
          <reporter-output>
          </reporter-output>
        </test-method> <!-- test_2 -->
        <test-method signature="test_3()[pri:0, instance:auth_token_test@bf1ec20]" started-at="2023-01-19T13:19:43 IST" name="test_3" finished-at="2023-01-19T13:19:44 IST" duration-ms="753" status="PASS">
          <reporter-output>
          </reporter-output>
        </test-method> <!-- test_3 -->
        <test-method signature="test_4()[pri:0, instance:auth_token_test@bf1ec20]" started-at="2023-01-19T13:19:44 IST" name="test_4" finished-at="2023-01-19T13:19:44 IST" duration-ms="719" status="PASS">
          <reporter-output>
          </reporter-output>
        </test-method> <!-- test_4 -->
        <test-method signature="test_5()[pri:0, instance:auth_token_test@bf1ec20]" started-at="2023-01-19T13:19:44 IST" name="test_5" finished-at="2023-01-19T13:19:45 IST" duration-ms="870" status="PASS">
          <reporter-output>
          </reporter-output>
        </test-method> <!-- test_5 -->
        <test-method signature="test_6()[pri:0, instance:auth_token_test@bf1ec20]" started-at="2023-01-19T13:19:45 IST" name="test_6" finished-at="2023-01-19T13:19:46 IST" duration-ms="507" status="PASS">
          <reporter-output>
          </reporter-output>
        </test-method> <!-- test_6 -->
      </class> <!-- auth_token_test -->
    </test> <!-- Default test -->
  </suite> <!-- Default suite -->
</testng-results>
